[0910/190618.773:ERROR:prune_crash_reports.cc(36)] PruneCrashReportDatabase: Failed to get pending reports
[0911/151509.865:ERROR:prune_crash_reports.cc(36)] PruneCrashReportDatabase: Failed to get pending reports
[0911/235156.191:ERROR:prune_crash_reports.cc(36)] PruneCrashReportDatabase: Failed to get pending reports
[0913/154019.876:ERROR:prune_crash_reports.cc(36)] PruneCrashReportDatabase: Failed to get pending reports
[0916/164914.190:ERROR:prune_crash_reports.cc(36)] PruneCrashReportDatabase: Failed to get pending reports
[0917/134612.227:ERROR:process_reader_win.cc(151)] SuspendThread: Access is denied. (0x5)
[0917/134612.251:ERROR:process_reader_win.cc(151)] SuspendThread: Access is denied. (0x5)
[0917/134612.251:ERROR:process_reader_win.cc(151)] SuspendThread: Access is denied. (0x5)
[0917/134612.251:ERROR:process_reader_win.cc(151)] SuspendThread: Access is denied. (0x5)
[0917/134612.251:ERROR:process_reader_win.cc(151)] SuspendThread: Access is denied. (0x5)
[0917/134612.251:ERROR:process_reader_win.cc(151)] SuspendThread: Access is denied. (0x5)
[0917/134612.251:ERROR:process_reader_win.cc(151)] SuspendThread: Access is denied. (0x5)
[0917/134612.251:ERROR:process_reader_win.cc(151)] SuspendThread: Access is denied. (0x5)
[0917/134612.251:ERROR:process_reader_win.cc(123)] NtOpenThread: {Access Denied} A process has requested access to an object, but has not been granted those access rights. (0xc0000022)
[0917/134612.251:ERROR:exception_snapshot_win.cc(99)] thread ID 23424 not found in process
[0917/134613.219:ERROR:process_reader_win.cc(123)] NtOpenThread: {Access Denied} A process has requested access to an object, but has not been granted those access rights. (0xc0000022)
[0917/134613.219:ERROR:exception_snapshot_win.cc(99)] thread ID 21360 not found in process
[0919/144417.323:ERROR:prune_crash_reports.cc(36)] PruneCrashReportDatabase: Failed to get pending reports
[0919/151749.768:ERROR:prune_crash_reports.cc(36)] PruneCrashReportDatabase: Failed to get pending reports
[0919/152007.110:ERROR:prune_crash_reports.cc(36)] PruneCrashReportDatabase: Failed to get pending reports
[0921/232753.224:ERROR:prune_crash_reports.cc(36)] PruneCrashReportDatabase: Failed to get pending reports
[0922/173718.527:ERROR:prune_crash_reports.cc(36)] PruneCrashReportDatabase: Failed to get pending reports
[0922/180602.604:ERROR:prune_crash_reports.cc(36)] PruneCrashReportDatabase: Failed to get pending reports
[0922/194817.538:ERROR:prune_crash_reports.cc(36)] PruneCrashReportDatabase: Failed to get pending reports
[0922/201630.183:ERROR:prune_crash_reports.cc(36)] PruneCrashReportDatabase: Failed to get pending reports
[0922/201757.851:ERROR:prune_crash_reports.cc(36)] PruneCrashReportDatabase: Failed to get pending reports
[0922/232644.156:ERROR:prune_crash_reports.cc(36)] PruneCrashReportDatabase: Failed to get pending reports
[0922/234607.712:ERROR:prune_crash_reports.cc(36)] PruneCrashReportDatabase: Failed to get pending reports
[0923/191455.077:ERROR:prune_crash_reports.cc(36)] PruneCrashReportDatabase: Failed to get pending reports
[0923/194201.132:ERROR:prune_crash_reports.cc(36)] PruneCrashReportDatabase: Failed to get pending reports
[1014/153834.658:ERROR:directory_reader_win.cc(43)] FindFirstFile: The system cannot find the path specified. (0x3)
[1203/173421.044:ERROR:directory_reader_win.cc(43)] FindFirstFile: The system cannot find the path specified. (0x3)
[0128/232730.283:ERROR:directory_reader_win.cc(43)] FindFirstFile: The system cannot find the path specified. (0x3)
